#### Command  ######## Initiated at Thu Aug 20 09:13:43 2020 ####
../runAST.py -i pmga/json/ermF/ -s Nm -o AMR/ermF/

runAST_v1.0
Options are:
save_intermediate False
input_dir pmga/json/ermF/
species Nm
out_dir AMR/ermF/

PMGA jason file: ermF_final_results.json
Absolute path: /scicomp/home/ymw8/Software/scripts/amr_variants_component/Nm_controls/pmga/json/ermF/ermF_final_results.json
Loaded gene key for Nm with 19 genes
Loaded 35 valid features; 35 valid mutations

Loading locus info
Only have sequence file for 16/19 genes
gyrA is 2751bp
ponA is 2397bp
penA is 1746bp
rpoB is 4176bp
parC is 2304bp

found
{'ermF'}
did not find
{'mefA', 'NEIS1753', 'NEIS0414', 'ermC', 'NEIS2210', 'blaROB-1', 'NEIS2357', 'ermA', 'penA', 'NEIS0123', 'ermB', 'gyrA', 'rpoB', 'NEIS1320', 'tetB', 'cat', 'tetK', 'NEIS1525'}
