#### Command  ######## Initiated at Thu Aug 20 09:14:34 2020 ####
../runAST.py -i pmga/json/TetK/ -s Nm -o AMR/TetK/

runAST_v1.0
Options are:
species Nm
input_dir pmga/json/TetK/
out_dir AMR/TetK/
save_intermediate False

PMGA jason file: TetK_final_results.json
Absolute path: /scicomp/home/ymw8/Software/scripts/amr_variants_component/Nm_controls/pmga/json/TetK/TetK_final_results.json
Loaded gene key for Nm with 19 genes
Loaded 35 valid features; 35 valid mutations

Loading locus info
Only have sequence file for 16/19 genes
gyrA is 2751bp
ponA is 2397bp
penA is 1746bp
rpoB is 4176bp
parC is 2304bp

found
{'tetK'}
did not find
{'NEIS0414', 'ermC', 'ermB', 'cat', 'tetB', 'NEIS0123', 'gyrA', 'NEIS2210', 'NEIS1320', 'ermA', 'penA', 'rpoB', 'ermF', 'mefA', 'NEIS2357', 'NEIS1525', 'NEIS1753', 'blaROB-1'}
