#### Command  ######## Initiated at Thu Aug 20 09:14:25 2020 ####
../runAST.py -i pmga/json/NEIS1753_26_penA_1/ -s Nm -o AMR/NEIS1753_26_penA_1/

runAST_v1.0
Options are:
out_dir AMR/NEIS1753_26_penA_1/
species Nm
save_intermediate False
input_dir pmga/json/NEIS1753_26_penA_1/

PMGA jason file: NEIS1753_26_penA_1_final_results.json
Absolute path: /scicomp/home/ymw8/Software/scripts/amr_variants_component/Nm_controls/pmga/json/NEIS1753_26_penA_1/NEIS1753_26_penA_1_final_results.json
Loaded gene key for Nm with 19 genes
Loaded 35 valid features; 35 valid mutations

Loading locus info
Only have sequence file for 16/19 genes
gyrA is 2751bp
ponA is 2397bp
penA is 1746bp
rpoB is 4176bp
parC is 2304bp

found
{'penA', 'NEIS1753'}
did not find
{'NEIS0123', 'NEIS1525', 'gyrA', 'NEIS1320', 'cat', 'rpoB', 'ermC', 'NEIS0414', 'ermA', 'tetB', 'NEIS2210', 'mefA', 'NEIS2357', 'ermB', 'blaROB-1', 'tetK', 'ermF'}
