#### Command  ######## Initiated at Thu Aug 20 09:13:40 2020 ####
../runAST.py -i pmga/json/ermB/ -s Nm -o AMR/ermB/

runAST_v1.0
Options are:
out_dir AMR/ermB/
species Nm
input_dir pmga/json/ermB/
save_intermediate False

PMGA jason file: ermB_final_results.json
Absolute path: /scicomp/home/ymw8/Software/scripts/amr_variants_component/Nm_controls/pmga/json/ermB/ermB_final_results.json
Loaded gene key for Nm with 19 genes
Loaded 35 valid features; 35 valid mutations

Loading locus info
Only have sequence file for 16/19 genes
gyrA is 2751bp
ponA is 2397bp
penA is 1746bp
rpoB is 4176bp
parC is 2304bp

found
{'ermB'}
did not find
{'tetK', 'blaROB-1', 'NEIS1753', 'NEIS0414', 'NEIS2210', 'NEIS0123', 'ermF', 'cat', 'rpoB', 'mefA', 'penA', 'ermA', 'ermC', 'NEIS2357', 'NEIS1320', 'NEIS1525', 'gyrA', 'tetB'}
