#### Command  ######## Initiated at Thu Aug 20 09:13:42 2020 ####
../runAST.py -i pmga/json/ermC/ -s Nm -o AMR/ermC/

runAST_v1.0
Options are:
species Nm
save_intermediate False
input_dir pmga/json/ermC/
out_dir AMR/ermC/

PMGA jason file: ermC_final_results.json
Absolute path: /scicomp/home/ymw8/Software/scripts/amr_variants_component/Nm_controls/pmga/json/ermC/ermC_final_results.json
Loaded gene key for Nm with 19 genes
Loaded 35 valid features; 35 valid mutations

Loading locus info
Only have sequence file for 16/19 genes
gyrA is 2751bp
ponA is 2397bp
penA is 1746bp
rpoB is 4176bp
parC is 2304bp

found
{'ermC'}
did not find
{'ermA', 'NEIS1320', 'gyrA', 'NEIS1525', 'mefA', 'NEIS1753', 'penA', 'NEIS2357', 'NEIS0414', 'tetB', 'ermB', 'NEIS2210', 'ermF', 'tetK', 'blaROB-1', 'rpoB', 'NEIS0123', 'cat'}
