#### Command  ######## Initiated at Thu Aug 20 09:13:48 2020 ####
../runAST.py -i pmga/json/NEIS0123_1/ -s Nm -o AMR/NEIS0123_1/

runAST_v1.0
Options are:
input_dir pmga/json/NEIS0123_1/
save_intermediate False
out_dir AMR/NEIS0123_1/
species Nm

PMGA jason file: NEIS0123_1_final_results.json
Absolute path: /scicomp/home/ymw8/Software/scripts/amr_variants_component/Nm_controls/pmga/json/NEIS0123_1/NEIS0123_1_final_results.json
Loaded gene key for Nm with 19 genes
Loaded 35 valid features; 35 valid mutations

Loading locus info
Only have sequence file for 16/19 genes
gyrA is 2751bp
ponA is 2397bp
penA is 1746bp
rpoB is 4176bp
parC is 2304bp

found
{'NEIS0123', 'rpoB'}
did not find
{'tetB', 'ermC', 'NEIS2357', 'ermA', 'cat', 'blaROB-1', 'penA', 'ermF', 'gyrA', 'NEIS1753', 'NEIS1525', 'ermB', 'mefA', 'NEIS0414', 'NEIS1320', 'NEIS2210', 'tetK'}
