#### Command  ######## Initiated at Thu Aug 20 09:14:16 2020 ####
../runAST.py -i pmga/json/NEIS1525_1/ -s Nm -o AMR/NEIS1525_1/

runAST_v1.0
Options are:
input_dir pmga/json/NEIS1525_1/
species Nm
out_dir AMR/NEIS1525_1/
save_intermediate False

PMGA jason file: NEIS1525_1_final_results.json
Absolute path: /scicomp/home/ymw8/Software/scripts/amr_variants_component/Nm_controls/pmga/json/NEIS1525_1/NEIS1525_1_final_results.json
Loaded gene key for Nm with 19 genes
Loaded 35 valid features; 35 valid mutations

Loading locus info
Only have sequence file for 16/19 genes
gyrA is 2751bp
ponA is 2397bp
penA is 1746bp
rpoB is 4176bp
parC is 2304bp

found
{'NEIS1525'}
did not find
{'ermA', 'ermF', 'penA', 'NEIS2357', 'ermC', 'rpoB', 'ermB', 'blaROB-1', 'tetK', 'NEIS1753', 'NEIS0414', 'mefA', 'cat', 'tetB', 'NEIS2210', 'gyrA', 'NEIS0123', 'NEIS1320'}
