#### Command  ######## Initiated at Thu Aug 20 09:14:13 2020 ####
../runAST.py -i pmga/json/NEIS1320_698_gyrA_242/ -s Nm -o AMR/NEIS1320_698_gyrA_242/

runAST_v1.0
Options are:
save_intermediate False
species Nm
input_dir pmga/json/NEIS1320_698_gyrA_242/
out_dir AMR/NEIS1320_698_gyrA_242/

PMGA jason file: NEIS1320_698_gyrA_242_final_results.json
Absolute path: /scicomp/home/ymw8/Software/scripts/amr_variants_component/Nm_controls/pmga/json/NEIS1320_698_gyrA_242/NEIS1320_698_gyrA_242_final_results.json
Loaded gene key for Nm with 19 genes
Loaded 35 valid features; 35 valid mutations

Loading locus info
Only have sequence file for 16/19 genes
gyrA is 2751bp
ponA is 2397bp
penA is 1746bp
rpoB is 4176bp
parC is 2304bp

found
{'gyrA', 'NEIS1320'}
did not find
{'ermF', 'NEIS0414', 'NEIS2357', 'ermC', 'NEIS0123', 'NEIS1525', 'ermA', 'rpoB', 'NEIS2210', 'tetK', 'NEIS1753', 'cat', 'blaROB-1', 'penA', 'ermB', 'mefA', 'tetB'}
