#### Command  ######## Initiated at Thu Aug 20 09:14:06 2020 ####
../runAST.py -i pmga/json/HAEM1650_1_HAEM1394_15/ -s Hi -o AMR/HAEM1650_1_HAEM1394_15/

runAST_v1.0
Options are:
save_intermediate False
input_dir pmga/json/HAEM1650_1_HAEM1394_15/
out_dir AMR/HAEM1650_1_HAEM1394_15/
species Hi

PMGA jason file: HAEM1650_1_HAEM1394_15_final_results.json
Absolute path: /scicomp/home/ymw8/Software/scripts/amr_variants_component/Hi_controls/pmga/json/HAEM1650_1_HAEM1394_15/HAEM1650_1_HAEM1394_15_final_results.json
Loaded gene key for Hi with 23 genes
Loaded 79 valid features; 79 valid mutations

Loading locus info
acrR is 564bp
acrR-31 Mutation reference must match sequence; AREGLNQLSM_H_KLAKEENVAA vs L
acrR-37 Mutation reference must match sequence; QLSMHKLAKE_E_NVAAGTIYLY vs A
acrR-121 Mutation reference must match sequence; LPNFKDICKN_V_KNCRWDLFCH vs I
ftsI is 1833bp
gyrA is 2643bp
parC is 2244bp
parE is 1899bp
rpoB is 4032bp
rpoC is 4251bp
rpoC-1333 Mutation reference must match sequence; ASFQETTRVL_T_EAAVAGKRDE vs L
rpoC-1349 Mutation reference must match sequence; GKRDELRGLK_E_NVIVGRLIPA vs K
rplD is 603bp
rplD-61 Mutation reference must match sequence; VSGSGKKPWR_Q_KGTGRARAGD vs K
rplD-63 Mutation reference must match sequence; GSGKKPWRQK_G_TGRARAGDIK vs T
rplV is 333bp
folA is 483bp
folA-21 Mutation reference must match sequence; LNNVIGKDNQ_M_PWHLPADLAW vs T

found
{'HAEM1650', 'HAEM1394'}
did not find
{'HAEM0902', 'tetB', 'cat', 'tetK', 'HAEM1020', 'HAEM0633', 'ermA', 'blaROB-1', 'HAEM0906', 'HAEM1018', 'HAEM1024', 'ermC', 'ermB', 'mefA', 'HAEM1263', 'HAEM0118', 'HAEM1649', 'NEIS2210', 'HAEM1019', 'ermF', 'HAEM0632'}
