#### Command  ######## Initiated at Thu Aug 20 09:13:39 2020 ####
../runAST.py -i pmga/json/ermA/ -s Nm -o AMR/ermA/

runAST_v1.0
Options are:
species Nm
save_intermediate False
out_dir AMR/ermA/
input_dir pmga/json/ermA/

PMGA jason file: ermA_final_results.json
Absolute path: /scicomp/home/ymw8/Software/scripts/amr_variants_component/Nm_controls/pmga/json/ermA/ermA_final_results.json
Loaded gene key for Nm with 19 genes
Loaded 35 valid features; 35 valid mutations

Loading locus info
Only have sequence file for 16/19 genes
gyrA is 2751bp
ponA is 2397bp
penA is 1746bp
rpoB is 4176bp
parC is 2304bp

found
{'ermA'}
did not find
{'ermF', 'penA', 'gyrA', 'ermC', 'ermB', 'NEIS1753', 'cat', 'NEIS1320', 'tetK', 'rpoB', 'NEIS2210', 'NEIS2357', 'tetB', 'mefA', 'NEIS1525', 'NEIS0414', 'blaROB-1', 'NEIS0123'}
