#### Command  ######## Initiated at Thu Aug 20 09:13:58 2020 ####
../runAST.py -i pmga/json/NEIS0123_40_rpoB_4/ -s Nm -o AMR/NEIS0123_40_rpoB_4/

runAST_v1.0
Options are:
save_intermediate False
input_dir pmga/json/NEIS0123_40_rpoB_4/
out_dir AMR/NEIS0123_40_rpoB_4/
species Nm

PMGA jason file: NEIS0123_40_rpoB_4_final_results.json
Absolute path: /scicomp/home/ymw8/Software/scripts/amr_variants_component/Nm_controls/pmga/json/NEIS0123_40_rpoB_4/NEIS0123_40_rpoB_4_final_results.json
Loaded gene key for Nm with 19 genes
Loaded 35 valid features; 35 valid mutations

Loading locus info
Only have sequence file for 16/19 genes
gyrA is 2751bp
ponA is 2397bp
penA is 1746bp
rpoB is 4176bp
parC is 2304bp

found
{'rpoB', 'NEIS0123'}
did not find
{'NEIS2357', 'ermB', 'NEIS1753', 'mefA', 'ermA', 'tetB', 'NEIS1320', 'blaROB-1', 'NEIS2210', 'NEIS0414', 'cat', 'ermF', 'penA', 'tetK', 'NEIS1525', 'gyrA', 'ermC'}
